[0m2021.10.20 09:09:53 INFO  Started: Metals version 0.10.7 in workspace 'D:\git\understanding-type-script-course\drag-and-drop-project' for client Visual Studio Code 1.61.1.[0m
[0m2021.10.20 09:09:56 INFO  time: initialize in 2.91s[0m
[0m2021.10.20 09:09:57 WARN  Build server is not auto-connectable.[0m
[0m2021.10.20 09:09:57 WARN  no build tool detected in workspace 'D:\git\understanding-type-script-course\drag-and-drop-project'. The most common cause for this problem is that the editor was opened in the wrong working directory, for example if you use sbt then the workspace directory should contain build.sbt. [0m
[0m2021.10.20 17:23:42 INFO  shutting down Metals[0m
[0m2021.10.20 20:38:27 INFO  Started: Metals version 0.10.7 in workspace 'D:\git\understanding-type-script-course\drag-and-drop-project' for client Visual Studio Code 1.61.2.[0m
[0m2021.10.20 20:38:32 INFO  time: initialize in 4.64s[0m
[0m2021.10.20 20:38:33 WARN  Build server is not auto-connectable.[0m
[0m2021.10.20 20:38:33 WARN  no build tool detected in workspace 'D:\git\understanding-type-script-course\drag-and-drop-project'. The most common cause for this problem is that the editor was opened in the wrong working directory, for example if you use sbt then the workspace directory should contain build.sbt. [0m
[0m2021.10.20 21:54:53 INFO  shutting down Metals[0m
[0m2021.10.24 18:53:10 INFO  Started: Metals version 0.10.7 in workspace 'D:\git\understanding-type-script-course\drag-and-drop-project' for client Visual Studio Code 1.61.2.[0m
[0m2021.10.24 18:53:19 INFO  time: initialize in 9.24s[0m
[0m2021.10.24 18:53:20 WARN  Build server is not auto-connectable.[0m
[0m2021.10.24 18:53:20 WARN  no build tool detected in workspace 'D:\git\understanding-type-script-course\drag-and-drop-project'. The most common cause for this problem is that the editor was opened in the wrong working directory, for example if you use sbt then the workspace directory should contain build.sbt. [0m
Oct 24, 2021 7:17:36 PM org.eclipse.lsp4j.jsonrpc.services.GenericEndpoint notify
INFO: Unsupported notification method: $/setTrace
[0m2021.10.24 21:55:12 INFO  shutting down Metals[0m
[0m2021.11.16 09:22:38 INFO  Started: Metals version 0.10.7 in workspace 'D:\git\understanding-type-script-course\drag-and-drop-project' for client Visual Studio Code 1.61.2.[0m
[0m2021.11.16 09:22:43 INFO  time: initialize in 4.93s[0m
[0m2021.11.16 09:22:45 WARN  Build server is not auto-connectable.[0m
[0m2021.11.16 09:22:45 WARN  no build tool detected in workspace 'D:\git\understanding-type-script-course\drag-and-drop-project'. The most common cause for this problem is that the editor was opened in the wrong working directory, for example if you use sbt then the workspace directory should contain build.sbt. [0m
[0m2021.11.16 10:59:11 INFO  shutting down Metals[0m
[0m2021.11.28 20:23:58 INFO  Started: Metals version 0.10.9 in workspace 'D:\git\understanding-type-script-course\drag-and-drop-project' for client Visual Studio Code 1.62.3.[0m
[0m2021.11.28 20:24:09 INFO  time: initialize in 10s[0m
[0m2021.11.28 20:24:10 WARN  Build server is not auto-connectable.[0m
[0m2021.11.28 20:24:10 WARN  no build tool detected in workspace 'D:\git\understanding-type-script-course\drag-and-drop-project'. The most common cause for this problem is that the editor was opened in the wrong working directory, for example if you use sbt then the workspace directory should contain build.sbt. [0m
[0m2021.11.28 22:29:00 INFO  shutting down Metals[0m
